{"numFailedTestSuites":0,"numFailedTests":0,"numPassedTestSuites":1,"numPassedTests":4,"numPendingTestSuites":0,"numPendingTests":0,"numRuntimeErrorTestSuites":0,"numTodoTests":0,"numTotalTestSuites":1,"numTotalTests":4,"openHandles":[],"snapshot":{"added":0,"didUpdate":false,"failure":false,"filesAdded":0,"filesRemoved":0,"filesRemovedList":[],"filesUnmatched":0,"filesUpdated":0,"matched":0,"total":0,"unchecked":0,"uncheckedKeysByFile":[],"unmatched":0,"updated":0},"startTime":1756064455779,"success":true,"testResults":[{"assertionResults":[{"ancestorTitles":[],"duration":49,"failureDetails":[],"failureMessages":[],"fullName":"renders a default button","invocations":1,"location":null,"numPassingAsserts":1,"retryReasons":[],"status":"passed","title":"renders a default button"},{"ancestorTitles":[],"duration":7,"failureDetails":[],"failureMessages":[],"fullName":"disables the button when isDisabled prop is true","invocations":1,"location":null,"numPassingAsserts":1,"retryReasons":[],"status":"passed","title":"disables the button when isDisabled prop is true"},{"ancestorTitles":[],"duration":83,"failureDetails":[],"failureMessages":[],"fullName":"applies the correct css class for different button variants","invocations":1,"location":null,"numPassingAsserts":2,"retryReasons":[],"status":"passed","title":"applies the correct css class for different button variants"},{"ancestorTitles":[],"duration":31,"failureDetails":[],"failureMessages":[],"fullName":"applies the correct css class for different button sizes","invocations":1,"location":null,"numPassingAsserts":2,"retryReasons":[],"status":"passed","title":"applies the correct css class for different button sizes"}],"endTime":1756064459311,"message":"","name":"C:\\Users\\emad\\Desktop\\classbon\\src\\app\\_components\\button\\button.test.tsx","startTime":1756064457125,"status":"passed","summary":""}],"wasInterrupted":false}
